<?xml version="1.0" encoding="UTF-8"?>
<!-- Generated by org.testng.reporters.JUnitReportReporter -->
<testsuite hostname="JAMESBOND007" failures="0" tests="4" name="dataProvider.DataProvider1" time="18.468" errors="0" timestamp="2022-02-07T18:29:15 IST" skipped="0">
  <testcase classname="dataProvider.DataProvider1" name="loginTest" time="1.790"/>
  <system-out/>
  <testcase classname="dataProvider.DataProvider1" name="loginTest" time="11.965"/>
  <system-out/>
  <testcase classname="dataProvider.DataProvider1" name="loginTest" time="2.152"/>
  <system-out/>
  <testcase classname="dataProvider.DataProvider1" name="loginTest" time="2.561"/>
  <system-out/>
</testsuite> <!-- dataProvider.DataProvider1 -->
